[02-Mar-2022 09:18:18 UTC] PHP Warning:  include(../../config.php): failed to open stream: No such file or directory in D:\Apps\sere\sere\inspect\process\changeChart2.php on line 2
[02-Mar-2022 09:18:18 UTC] PHP Warning:  include(): Failed opening '../../config.php' for inclusion (include_path='.;C:\php\pear') in D:\Apps\sere\sere\inspect\process\changeChart2.php on line 2
[02-Mar-2022 11:14:10 UTC] PHP Parse error:  syntax error, unexpected ')' in D:\Apps\sere\sere\inspect\process\changeChart3.php on line 12
[02-Mar-2022 11:14:26 UTC] PHP Parse error:  syntax error, unexpected ')' in D:\Apps\sere\sere\inspect\process\changeChart3.php on line 12
[07-Mar-2022 02:23:05 UTC] PHP Parse error:  syntax error, unexpected ';', expecting ')' in D:\Apps\sere\sere\inspect\process\changeChart4.php on line 12
[07-Mar-2022 02:56:45 UTC] PHP Parse error:  syntax error, unexpected ')' in D:\Apps\sere\sere\inspect\process\changeChart4.php on line 12
[07-Mar-2022 02:57:03 UTC] PHP Parse error:  syntax error, unexpected ')' in D:\Apps\sere\sere\inspect\process\changeChart4.php on line 12
[07-Mar-2022 02:57:49 UTC] PHP Parse error:  syntax error, unexpected ')' in D:\Apps\sere\sere\inspect\process\changeChart3.php on line 14
[07-Mar-2022 03:02:09 UTC] PHP Notice:  Undefined variable: qrybay1 in D:\Apps\sere\sere\inspect\process\changeChart3.php on line 18
[07-Mar-2022 03:02:09 UTC] PHP Notice:  Undefined variable: pie in D:\Apps\sere\sere\inspect\process\changeChart3.php on line 29
[07-Mar-2022 03:09:39 UTC] PHP Notice:  Undefined variable: column3 in D:\Apps\sere\sere\inspect\process\changeChart3.php on line 27
[07-Mar-2022 03:11:02 UTC] PHP Notice:  Undefined variable: column3 in D:\Apps\sere\sere\inspect\process\changeChart3.php on line 27
[07-Mar-2022 03:11:08 UTC] PHP Notice:  Undefined index: f3datefrom in D:\Apps\sere\sere\inspect\process\changeChart3.php on line 6
[07-Mar-2022 03:11:08 UTC] PHP Notice:  Undefined index: f3dateto in D:\Apps\sere\sere\inspect\process\changeChart3.php on line 7
[07-Mar-2022 03:11:08 UTC] PHP Notice:  Undefined variable: column3 in D:\Apps\sere\sere\inspect\process\changeChart3.php on line 27
[07-Mar-2022 03:15:35 UTC] PHP Notice:  Undefined variable: column3 in D:\Apps\sere\sere\inspect\process\changeChart3.php on line 27
[07-Mar-2022 03:15:35 UTC] PHP Notice:  Undefined variable: pie in D:\Apps\sere\sere\inspect\process\changeChart3.php on line 27
[07-Mar-2022 03:15:44 UTC] PHP Notice:  Undefined index: f3datefrom in D:\Apps\sere\sere\inspect\process\changeChart3.php on line 6
[07-Mar-2022 03:15:44 UTC] PHP Notice:  Undefined index: f3dateto in D:\Apps\sere\sere\inspect\process\changeChart3.php on line 7
[07-Mar-2022 03:15:44 UTC] PHP Notice:  Undefined variable: column3 in D:\Apps\sere\sere\inspect\process\changeChart3.php on line 27
[07-Mar-2022 03:15:44 UTC] PHP Notice:  Undefined variable: pie in D:\Apps\sere\sere\inspect\process\changeChart3.php on line 27
[07-Mar-2022 03:20:34 UTC] PHP Notice:  Undefined variable: column3 in D:\Apps\sere\sere\inspect\process\changeChart3.php on line 27
[07-Mar-2022 03:20:34 UTC] PHP Notice:  Undefined variable: pie in D:\Apps\sere\sere\inspect\process\changeChart3.php on line 27
[07-Mar-2022 05:40:12 UTC] PHP Notice:  Undefined variable: pie in D:\Apps\sere\sere\inspect\process\changeChart3.php on line 27
[07-Mar-2022 05:49:39 UTC] PHP Notice:  Undefined variable: column3 in D:\Apps\sere\sere\inspect\process\changeChart3.php on line 27
[07-Mar-2022 06:04:06 UTC] PHP Parse error:  syntax error, unexpected ')' in D:\Apps\sere\sere\inspect\process\changeChart4.php on line 12
[07-Mar-2022 06:04:40 UTC] PHP Parse error:  syntax error, unexpected ')' in D:\Apps\sere\sere\inspect\process\changeChart4.php on line 12
[07-Mar-2022 06:05:07 UTC] PHP Parse error:  syntax error, unexpected ')' in D:\Apps\sere\sere\inspect\process\changeChart4.php on line 12
[07-Mar-2022 07:55:53 UTC] PHP Parse error:  syntax error, unexpected ')' in D:\Apps\sere\sere\inspect\process\changeChart4.php on line 12
[07-Mar-2022 07:56:03 UTC] PHP Parse error:  syntax error, unexpected ')' in D:\Apps\sere\sere\inspect\process\changeChart4.php on line 12
[07-Mar-2022 08:54:10 UTC] PHP Parse error:  syntax error, unexpected ')' in D:\Apps\sere\sere\inspect\process\changeChart4.php on line 12
[07-Mar-2022 08:55:23 UTC] PHP Parse error:  syntax error, unexpected ')' in D:\Apps\sere\sere\inspect\process\changeChart4.php on line 12
[08-Mar-2022 03:08:32 UTC] PHP Parse error:  syntax error, unexpected ')' in D:\Apps\sere\sere\inspect\process\changeChart4.php on line 12
[10-Mar-2022 04:55:14 UTC] PHP Parse error:  syntax error, unexpected ')' in D:\Apps\sere\sere\inspect\process\changeChart4.php on line 12
[10-Mar-2022 07:06:27 UTC] PHP Parse error:  syntax error, unexpected ')' in D:\Apps\sere\sere\inspect\process\changeChart4.php on line 12
[10-Mar-2022 07:06:34 UTC] PHP Parse error:  syntax error, unexpected ')' in D:\Apps\sere\sere\inspect\process\changeChart4.php on line 12
[10-Mar-2022 07:06:41 UTC] PHP Parse error:  syntax error, unexpected ')' in D:\Apps\sere\sere\inspect\process\changeChart4.php on line 12
[10-Mar-2022 07:13:55 UTC] PHP Parse error:  syntax error, unexpected ')' in D:\Apps\sere\sere\inspect\process\changeChart4.php on line 12
[10-Mar-2022 07:38:45 UTC] PHP Parse error:  syntax error, unexpected ')' in D:\Apps\sere\sere\inspect\process\changeChart4.php on line 12
[10-Mar-2022 08:21:02 UTC] PHP Parse error:  syntax error, unexpected ')' in D:\Apps\sere\sere\inspect\process\changeChart4.php on line 12
[10-Mar-2022 09:15:32 UTC] PHP Parse error:  syntax error, unexpected ')' in D:\Apps\sere\sere\inspect\process\changeChart4.php on line 12
[10-Mar-2022 09:15:33 UTC] PHP Parse error:  syntax error, unexpected ')' in D:\Apps\sere\sere\inspect\process\changeChart4.php on line 12
[16-Mar-2022 02:16:53 UTC] PHP Parse error:  syntax error, unexpected ')' in D:\Apps\sere\sere\inspect\process\changeChart4.php on line 12
[16-Mar-2022 02:16:55 UTC] PHP Parse error:  syntax error, unexpected ')' in D:\Apps\sere\sere\inspect\process\changeChart4.php on line 12
[16-Mar-2022 08:41:36 UTC] PHP Parse error:  syntax error, unexpected ')' in D:\Apps\sere\sere\inspect\process\changeChart4.php on line 12
[17-Mar-2022 02:06:13 UTC] PHP Parse error:  syntax error, unexpected ')' in D:\Apps\sere\sere\inspect\process\changeChart4.php on line 12
[17-Mar-2022 02:06:15 UTC] PHP Parse error:  syntax error, unexpected ')' in D:\Apps\sere\sere\inspect\process\changeChart4.php on line 12
[17-Mar-2022 02:06:16 UTC] PHP Parse error:  syntax error, unexpected ')' in D:\Apps\sere\sere\inspect\process\changeChart4.php on line 12
[17-Mar-2022 02:06:18 UTC] PHP Parse error:  syntax error, unexpected ')' in D:\Apps\sere\sere\inspect\process\changeChart4.php on line 12
[17-Mar-2022 02:06:19 UTC] PHP Parse error:  syntax error, unexpected ')' in D:\Apps\sere\sere\inspect\process\changeChart4.php on line 12
[17-Mar-2022 02:06:20 UTC] PHP Parse error:  syntax error, unexpected ')' in D:\Apps\sere\sere\inspect\process\changeChart4.php on line 12
[21-Mar-2022 01:47:36 UTC] PHP Parse error:  syntax error, unexpected ')' in D:\Apps\sere\sere\inspect\process\changeChart4.php on line 12
[21-Mar-2022 01:47:38 UTC] PHP Parse error:  syntax error, unexpected ')' in D:\Apps\sere\sere\inspect\process\changeChart4.php on line 12
[21-Mar-2022 01:47:41 UTC] PHP Parse error:  syntax error, unexpected ')' in D:\Apps\sere\sere\inspect\process\changeChart4.php on line 12
[21-Mar-2022 01:47:44 UTC] PHP Parse error:  syntax error, unexpected ')' in D:\Apps\sere\sere\inspect\process\changeChart4.php on line 12
[21-Mar-2022 01:47:49 UTC] PHP Parse error:  syntax error, unexpected ')' in D:\Apps\sere\sere\inspect\process\changeChart4.php on line 12
[21-Mar-2022 01:54:38 UTC] PHP Parse error:  syntax error, unexpected ')' in D:\Apps\sere\sere\inspect\process\changeChart4.php on line 12
[21-Mar-2022 01:54:41 UTC] PHP Parse error:  syntax error, unexpected ')' in D:\Apps\sere\sere\inspect\process\changeChart4.php on line 12
[21-Mar-2022 01:54:48 UTC] PHP Parse error:  syntax error, unexpected ')' in D:\Apps\sere\sere\inspect\process\changeChart4.php on line 12
[21-Mar-2022 01:54:52 UTC] PHP Parse error:  syntax error, unexpected ')' in D:\Apps\sere\sere\inspect\process\changeChart4.php on line 12
[21-Mar-2022 01:54:57 UTC] PHP Parse error:  syntax error, unexpected ')' in D:\Apps\sere\sere\inspect\process\changeChart4.php on line 12
[21-Mar-2022 01:55:05 UTC] PHP Parse error:  syntax error, unexpected ')' in D:\Apps\sere\sere\inspect\process\changeChart4.php on line 12
[21-Mar-2022 06:13:51 UTC] PHP Parse error:  syntax error, unexpected ')' in D:\Apps\sere\sere\inspect\process\changeChart4.php on line 12
[21-Mar-2022 06:13:53 UTC] PHP Parse error:  syntax error, unexpected ')' in D:\Apps\sere\sere\inspect\process\changeChart4.php on line 12
[21-Mar-2022 06:39:58 UTC] PHP Parse error:  syntax error, unexpected ')' in D:\Apps\sere\sere\inspect\process\changeChart4.php on line 12
[21-Mar-2022 10:47:08 UTC] PHP Parse error:  syntax error, unexpected ')' in D:\Apps\sere\sere\inspect\process\changeChart4.php on line 12
[21-Mar-2022 10:47:11 UTC] PHP Parse error:  syntax error, unexpected ')' in D:\Apps\sere\sere\inspect\process\changeChart4.php on line 12
[21-Mar-2022 10:47:18 UTC] PHP Parse error:  syntax error, unexpected ')' in D:\Apps\sere\sere\inspect\process\changeChart4.php on line 12
[21-Mar-2022 10:47:25 UTC] PHP Parse error:  syntax error, unexpected ')' in D:\Apps\sere\sere\inspect\process\changeChart4.php on line 12
[21-Mar-2022 10:47:31 UTC] PHP Parse error:  syntax error, unexpected ')' in D:\Apps\sere\sere\inspect\process\changeChart4.php on line 12
[24-Mar-2022 02:28:27 UTC] PHP Parse error:  syntax error, unexpected ')' in D:\Apps\sere\sere\inspect\process\changeChart4.php on line 12
[24-Mar-2022 02:28:33 UTC] PHP Parse error:  syntax error, unexpected ')' in D:\Apps\sere\sere\inspect\process\changeChart4.php on line 12
[24-Mar-2022 02:28:39 UTC] PHP Parse error:  syntax error, unexpected ')' in D:\Apps\sere\sere\inspect\process\changeChart4.php on line 12
[24-Mar-2022 02:28:43 UTC] PHP Parse error:  syntax error, unexpected ')' in D:\Apps\sere\sere\inspect\process\changeChart4.php on line 12
[25-Mar-2022 03:00:51 UTC] PHP Parse error:  syntax error, unexpected ')' in D:\Apps\sere\sere\inspect\process\changeChart4.php on line 12
[25-Mar-2022 03:00:54 UTC] PHP Parse error:  syntax error, unexpected ')' in D:\Apps\sere\sere\inspect\process\changeChart4.php on line 12
[25-Mar-2022 09:46:30 UTC] PHP Parse error:  syntax error, unexpected ')' in D:\Apps\sere\sere\inspect\process\changeChart4.php on line 12
[02-Jun-2022 03:40:23 UTC] PHP Parse error:  syntax error, unexpected ')' in D:\Apps\sere\sere\inspect\process\changeChart4.php on line 12
[16-Jun-2022 03:46:26 UTC] PHP Parse error:  syntax error, unexpected ')' in D:\Apps\sere\sere\inspect\process\changeChart4.php on line 12
[16-Jun-2022 03:46:31 UTC] PHP Parse error:  syntax error, unexpected ')' in D:\Apps\sere\sere\inspect\process\changeChart4.php on line 12
[16-Jun-2022 03:57:00 UTC] PHP Parse error:  syntax error, unexpected ')' in D:\Apps\sere\sere\inspect\process\changeChart4.php on line 12
[16-Jun-2022 03:57:01 UTC] PHP Parse error:  syntax error, unexpected ')' in D:\Apps\sere\sere\inspect\process\changeChart4.php on line 12
[20-Jun-2022 02:24:33 UTC] PHP Parse error:  syntax error, unexpected ')' in D:\Apps\sere\sere\inspect\process\changeChart4.php on line 12
[20-Jun-2022 02:24:38 UTC] PHP Parse error:  syntax error, unexpected ')' in D:\Apps\sere\sere\inspect\process\changeChart4.php on line 12
[20-Jun-2022 02:24:41 UTC] PHP Parse error:  syntax error, unexpected ')' in D:\Apps\sere\sere\inspect\process\changeChart4.php on line 12
[20-Jun-2022 02:26:40 UTC] PHP Parse error:  syntax error, unexpected ')' in D:\Apps\sere\sere\inspect\process\changeChart4.php on line 12
[20-Jun-2022 02:26:41 UTC] PHP Parse error:  syntax error, unexpected ')' in D:\Apps\sere\sere\inspect\process\changeChart4.php on line 12
[20-Jun-2022 07:46:25 UTC] PHP Parse error:  syntax error, unexpected ')' in D:\Apps\sere\sere\inspect\process\changeChart4.php on line 12
[20-Jun-2022 07:46:27 UTC] PHP Parse error:  syntax error, unexpected ')' in D:\Apps\sere\sere\inspect\process\changeChart4.php on line 12
[20-Jun-2022 07:47:25 UTC] PHP Parse error:  syntax error, unexpected ')' in D:\Apps\sere\sere\inspect\process\changeChart4.php on line 12
[20-Jun-2022 07:49:51 UTC] PHP Notice:  Undefined variable: pie in D:\Apps\sere\sere\inspect\process\changeChart4.php on line 19
[20-Jun-2022 07:50:33 UTC] PHP Notice:  Undefined variable: pie in D:\Apps\sere\sere\inspect\process\changeChart4.php on line 19
[20-Jun-2022 07:57:11 UTC] PHP Notice:  Undefined variable: pie in D:\Apps\sere\sere\inspect\process\changeChart4.php on line 19
[20-Jun-2022 08:00:27 UTC] PHP Notice:  Undefined variable: pie in D:\Apps\sere\sere\inspect\process\changeChart4.php on line 19
[20-Jun-2022 08:01:17 UTC] PHP Notice:  Undefined variable: pie in D:\Apps\sere\sere\inspect\process\changeChart4.php on line 19
