[14-Mar-2023 03:42:31 UTC] PHP Warning:  include(../../theme/config.php): failed to open stream: No such file or directory in D:\Apps\sere\sere\lockers\admin\downloads\lockers.php on line 2
[14-Mar-2023 03:42:31 UTC] PHP Warning:  include(): Failed opening '../../theme/config.php' for inclusion (include_path='.;C:\php\pear') in D:\Apps\sere\sere\lockers\admin\downloads\lockers.php on line 2
[14-Mar-2023 03:42:31 UTC] PHP Notice:  Undefined variable: conn in D:\Apps\sere\sere\lockers\admin\downloads\lockers.php on line 23
[14-Mar-2023 03:42:31 UTC] PHP Warning:  sqlsrv_query() expects parameter 1 to be resource, null given in D:\Apps\sere\sere\lockers\admin\downloads\lockers.php on line 23
[14-Mar-2023 03:45:51 UTC] PHP Warning:  include(../../theme/config.php): failed to open stream: No such file or directory in D:\Apps\sere\sere\lockers\admin\downloads\lockers.php on line 2
[14-Mar-2023 03:45:51 UTC] PHP Warning:  include(): Failed opening '../../theme/config.php' for inclusion (include_path='.;C:\php\pear') in D:\Apps\sere\sere\lockers\admin\downloads\lockers.php on line 2
[14-Mar-2023 03:45:51 UTC] PHP Notice:  Undefined variable: conn in D:\Apps\sere\sere\lockers\admin\downloads\lockers.php on line 23
[14-Mar-2023 03:45:51 UTC] PHP Warning:  sqlsrv_query() expects parameter 1 to be resource, null given in D:\Apps\sere\sere\lockers\admin\downloads\lockers.php on line 23
[14-Mar-2023 03:47:42 UTC] PHP Warning:  include(../../theme/config.php): failed to open stream: No such file or directory in D:\Apps\sere\sere\lockers\admin\downloads\lockers.php on line 2
[14-Mar-2023 03:47:42 UTC] PHP Warning:  include(): Failed opening '../../theme/config.php' for inclusion (include_path='.;C:\php\pear') in D:\Apps\sere\sere\lockers\admin\downloads\lockers.php on line 2
[14-Mar-2023 03:47:42 UTC] PHP Notice:  Undefined variable: conn in D:\Apps\sere\sere\lockers\admin\downloads\lockers.php on line 23
[14-Mar-2023 03:47:42 UTC] PHP Warning:  sqlsrv_query() expects parameter 1 to be resource, null given in D:\Apps\sere\sere\lockers\admin\downloads\lockers.php on line 23
[14-Mar-2023 03:47:49 UTC] PHP Warning:  include(../../theme/config.php): failed to open stream: No such file or directory in D:\Apps\sere\sere\lockers\admin\downloads\lockers.php on line 2
[14-Mar-2023 03:47:49 UTC] PHP Warning:  include(): Failed opening '../../theme/config.php' for inclusion (include_path='.;C:\php\pear') in D:\Apps\sere\sere\lockers\admin\downloads\lockers.php on line 2
[14-Mar-2023 03:47:49 UTC] PHP Notice:  Undefined variable: conn in D:\Apps\sere\sere\lockers\admin\downloads\lockers.php on line 23
[14-Mar-2023 03:47:49 UTC] PHP Warning:  sqlsrv_query() expects parameter 1 to be resource, null given in D:\Apps\sere\sere\lockers\admin\downloads\lockers.php on line 23
[14-Mar-2023 03:58:17 UTC] PHP Warning:  include(../../theme/config.php): failed to open stream: No such file or directory in D:\Apps\sere\sere\lockers\admin\downloads\lockers.php on line 2
[14-Mar-2023 03:58:17 UTC] PHP Warning:  include(): Failed opening '../../theme/config.php' for inclusion (include_path='.;C:\php\pear') in D:\Apps\sere\sere\lockers\admin\downloads\lockers.php on line 2
[14-Mar-2023 03:58:17 UTC] PHP Notice:  Undefined variable: conn in D:\Apps\sere\sere\lockers\admin\downloads\lockers.php on line 23
[14-Mar-2023 03:58:17 UTC] PHP Warning:  sqlsrv_query() expects parameter 1 to be resource, null given in D:\Apps\sere\sere\lockers\admin\downloads\lockers.php on line 23
[14-Mar-2023 04:52:52 UTC] PHP Warning:  include(../../theme/config.php): failed to open stream: No such file or directory in D:\Apps\sere\sere\lockers\admin\downloads\lockers.php on line 2
[14-Mar-2023 04:52:52 UTC] PHP Warning:  include(): Failed opening '../../theme/config.php' for inclusion (include_path='.;C:\php\pear') in D:\Apps\sere\sere\lockers\admin\downloads\lockers.php on line 2
[14-Mar-2023 04:52:52 UTC] PHP Notice:  Undefined variable: conn in D:\Apps\sere\sere\lockers\admin\downloads\lockers.php on line 23
[14-Mar-2023 04:52:52 UTC] PHP Warning:  sqlsrv_query() expects parameter 1 to be resource, null given in D:\Apps\sere\sere\lockers\admin\downloads\lockers.php on line 23
[14-Mar-2023 04:56:47 UTC] PHP Warning:  include(../../theme/config.php): failed to open stream: No such file or directory in D:\Apps\sere\sere\lockers\admin\downloads\lockers.php on line 2
[14-Mar-2023 04:56:47 UTC] PHP Warning:  include(): Failed opening '../../theme/config.php' for inclusion (include_path='.;C:\php\pear') in D:\Apps\sere\sere\lockers\admin\downloads\lockers.php on line 2
[14-Mar-2023 04:56:47 UTC] PHP Notice:  Undefined variable: conn in D:\Apps\sere\sere\lockers\admin\downloads\lockers.php on line 23
[14-Mar-2023 04:56:47 UTC] PHP Warning:  sqlsrv_query() expects parameter 1 to be resource, null given in D:\Apps\sere\sere\lockers\admin\downloads\lockers.php on line 23
[14-Mar-2023 07:12:33 UTC] PHP Warning:  include(../../theme/config.php): failed to open stream: No such file or directory in D:\Apps\sere\sere\lockers\admin\downloads\lockers.php on line 2
[14-Mar-2023 07:12:33 UTC] PHP Warning:  include(): Failed opening '../../theme/config.php' for inclusion (include_path='.;C:\php\pear') in D:\Apps\sere\sere\lockers\admin\downloads\lockers.php on line 2
[14-Mar-2023 07:12:33 UTC] PHP Notice:  Undefined variable: conn in D:\Apps\sere\sere\lockers\admin\downloads\lockers.php on line 23
[14-Mar-2023 07:12:33 UTC] PHP Warning:  sqlsrv_query() expects parameter 1 to be resource, null given in D:\Apps\sere\sere\lockers\admin\downloads\lockers.php on line 23
[14-Mar-2023 07:27:24 UTC] PHP Warning:  include(../../theme/config.php): failed to open stream: No such file or directory in D:\Apps\sere\sere\lockers\admin\downloads\lockers.php on line 2
[14-Mar-2023 07:27:24 UTC] PHP Warning:  include(): Failed opening '../../theme/config.php' for inclusion (include_path='.;C:\php\pear') in D:\Apps\sere\sere\lockers\admin\downloads\lockers.php on line 2
[14-Mar-2023 07:27:24 UTC] PHP Notice:  Undefined index: locker_id in D:\Apps\sere\sere\lockers\admin\downloads\lockers.php on line 13
[14-Mar-2023 07:27:24 UTC] PHP Notice:  Undefined variable: conn in D:\Apps\sere\sere\lockers\admin\downloads\lockers.php on line 23
[14-Mar-2023 07:27:24 UTC] PHP Warning:  sqlsrv_query() expects parameter 1 to be resource, null given in D:\Apps\sere\sere\lockers\admin\downloads\lockers.php on line 23
[14-Mar-2023 07:57:26 UTC] PHP Warning:  include(../../theme/config.php): failed to open stream: No such file or directory in D:\Apps\sere\sere\lockers\admin\downloads\lockers.php on line 2
[14-Mar-2023 07:57:26 UTC] PHP Warning:  include(): Failed opening '../../theme/config.php' for inclusion (include_path='.;C:\php\pear') in D:\Apps\sere\sere\lockers\admin\downloads\lockers.php on line 2
[14-Mar-2023 07:57:26 UTC] PHP Notice:  Undefined index: locker_id in D:\Apps\sere\sere\lockers\admin\downloads\lockers.php on line 13
[14-Mar-2023 07:57:26 UTC] PHP Notice:  Undefined variable: conn in D:\Apps\sere\sere\lockers\admin\downloads\lockers.php on line 23
[14-Mar-2023 07:57:26 UTC] PHP Warning:  sqlsrv_query() expects parameter 1 to be resource, null given in D:\Apps\sere\sere\lockers\admin\downloads\lockers.php on line 23
[14-Mar-2023 08:01:15 UTC] PHP Warning:  include(../../theme/config.php): failed to open stream: No such file or directory in D:\Apps\sere\sere\lockers\admin\downloads\lockers.php on line 2
[14-Mar-2023 08:01:15 UTC] PHP Warning:  include(): Failed opening '../../theme/config.php' for inclusion (include_path='.;C:\php\pear') in D:\Apps\sere\sere\lockers\admin\downloads\lockers.php on line 2
[14-Mar-2023 08:01:15 UTC] PHP Notice:  Undefined variable: user_plant in D:\Apps\sere\sere\lockers\admin\downloads\lockers.php on line 15
[14-Mar-2023 08:01:15 UTC] PHP Notice:  Undefined variable: conn in D:\Apps\sere\sere\lockers\admin\downloads\lockers.php on line 23
[14-Mar-2023 08:01:15 UTC] PHP Warning:  sqlsrv_query() expects parameter 1 to be resource, null given in D:\Apps\sere\sere\lockers\admin\downloads\lockers.php on line 23
[14-Mar-2023 08:01:58 UTC] PHP Warning:  include(../../theme/config.php): failed to open stream: No such file or directory in D:\Apps\sere\sere\lockers\admin\downloads\lockers.php on line 2
[14-Mar-2023 08:01:58 UTC] PHP Warning:  include(): Failed opening '../../theme/config.php' for inclusion (include_path='.;C:\php\pear') in D:\Apps\sere\sere\lockers\admin\downloads\lockers.php on line 2
[14-Mar-2023 08:01:58 UTC] PHP Notice:  Undefined variable: conn in D:\Apps\sere\sere\lockers\admin\downloads\lockers.php on line 23
[14-Mar-2023 08:01:58 UTC] PHP Warning:  sqlsrv_query() expects parameter 1 to be resource, null given in D:\Apps\sere\sere\lockers\admin\downloads\lockers.php on line 23
[14-Mar-2023 08:05:34 UTC] PHP Warning:  include(../../config.php): failed to open stream: No such file or directory in D:\Apps\sere\sere\lockers\admin\downloads\lockers.php on line 2
[14-Mar-2023 08:05:34 UTC] PHP Warning:  include(): Failed opening '../../config.php' for inclusion (include_path='.;C:\php\pear') in D:\Apps\sere\sere\lockers\admin\downloads\lockers.php on line 2
[14-Mar-2023 08:05:34 UTC] PHP Notice:  Undefined variable: conn in D:\Apps\sere\sere\lockers\admin\downloads\lockers.php on line 23
[14-Mar-2023 08:05:34 UTC] PHP Warning:  sqlsrv_query() expects parameter 1 to be resource, null given in D:\Apps\sere\sere\lockers\admin\downloads\lockers.php on line 23
[14-Mar-2023 08:12:55 UTC] PHP Warning:  include(../../theme/config.php): failed to open stream: No such file or directory in D:\Apps\sere\sere\lockers\admin\downloads\lockers.php on line 2
[14-Mar-2023 08:12:55 UTC] PHP Warning:  include(): Failed opening '../../theme/config.php' for inclusion (include_path='.;C:\php\pear') in D:\Apps\sere\sere\lockers\admin\downloads\lockers.php on line 2
[14-Mar-2023 08:12:55 UTC] PHP Notice:  Undefined variable: conn in D:\Apps\sere\sere\lockers\admin\downloads\lockers.php on line 23
[14-Mar-2023 08:12:55 UTC] PHP Warning:  sqlsrv_query() expects parameter 1 to be resource, null given in D:\Apps\sere\sere\lockers\admin\downloads\lockers.php on line 23
[14-Mar-2023 08:54:03 UTC] PHP Warning:  include(../../theme/config.php): failed to open stream: No such file or directory in D:\Apps\sere\sere\lockers\admin\downloads\lockers.php on line 2
[14-Mar-2023 08:54:03 UTC] PHP Warning:  include(): Failed opening '../../theme/config.php' for inclusion (include_path='.;C:\php\pear') in D:\Apps\sere\sere\lockers\admin\downloads\lockers.php on line 2
[14-Mar-2023 08:54:03 UTC] PHP Notice:  Undefined variable: conn in D:\Apps\sere\sere\lockers\admin\downloads\lockers.php on line 23
[14-Mar-2023 08:54:03 UTC] PHP Warning:  sqlsrv_query() expects parameter 1 to be resource, null given in D:\Apps\sere\sere\lockers\admin\downloads\lockers.php on line 23
[15-Mar-2023 02:30:30 UTC] PHP Warning:  include(../../theme/config.php): failed to open stream: No such file or directory in D:\Apps\sere\sere\lockers\admin\downloads\lockers.php on line 2
[15-Mar-2023 02:30:30 UTC] PHP Warning:  include(): Failed opening '../../theme/config.php' for inclusion (include_path='.;C:\php\pear') in D:\Apps\sere\sere\lockers\admin\downloads\lockers.php on line 2
[15-Mar-2023 02:30:30 UTC] PHP Notice:  Undefined index: plant in D:\Apps\sere\sere\lockers\admin\downloads\lockers.php on line 10
[15-Mar-2023 02:30:30 UTC] PHP Notice:  Undefined index: plant in D:\Apps\sere\sere\lockers\admin\downloads\lockers.php on line 13
[15-Mar-2023 02:30:30 UTC] PHP Notice:  Undefined variable: conn in D:\Apps\sere\sere\lockers\admin\downloads\lockers.php on line 23
[15-Mar-2023 02:30:30 UTC] PHP Warning:  sqlsrv_query() expects parameter 1 to be resource, null given in D:\Apps\sere\sere\lockers\admin\downloads\lockers.php on line 23
[15-Mar-2023 08:31:01 UTC] PHP Warning:  include(../../theme/config.php): failed to open stream: No such file or directory in D:\Apps\sere\sere\lockers\admin\downloads\lockers.php on line 2
[15-Mar-2023 08:31:01 UTC] PHP Warning:  include(): Failed opening '../../theme/config.php' for inclusion (include_path='.;C:\php\pear') in D:\Apps\sere\sere\lockers\admin\downloads\lockers.php on line 2
[15-Mar-2023 08:31:01 UTC] PHP Notice:  Undefined variable: conn in D:\Apps\sere\sere\lockers\admin\downloads\lockers.php on line 23
[15-Mar-2023 08:31:01 UTC] PHP Warning:  sqlsrv_query() expects parameter 1 to be resource, null given in D:\Apps\sere\sere\lockers\admin\downloads\lockers.php on line 23
[15-Mar-2023 12:44:02 UTC] PHP Warning:  include(../../theme/config.php): failed to open stream: No such file or directory in D:\Apps\sere\sere\lockers\admin\downloads\lockers.php on line 2
[15-Mar-2023 12:44:02 UTC] PHP Warning:  include(): Failed opening '../../theme/config.php' for inclusion (include_path='.;C:\php\pear') in D:\Apps\sere\sere\lockers\admin\downloads\lockers.php on line 2
[15-Mar-2023 12:44:02 UTC] PHP Notice:  Undefined variable: conn in D:\Apps\sere\sere\lockers\admin\downloads\lockers.php on line 23
[15-Mar-2023 12:44:02 UTC] PHP Warning:  sqlsrv_query() expects parameter 1 to be resource, null given in D:\Apps\sere\sere\lockers\admin\downloads\lockers.php on line 23
[16-Mar-2023 03:47:29 UTC] PHP Warning:  include(../../theme/config.php): failed to open stream: No such file or directory in D:\Apps\sere\sere\lockers\admin\downloads\lockers.php on line 2
[16-Mar-2023 03:47:29 UTC] PHP Warning:  include(): Failed opening '../../theme/config.php' for inclusion (include_path='.;C:\php\pear') in D:\Apps\sere\sere\lockers\admin\downloads\lockers.php on line 2
[16-Mar-2023 03:47:29 UTC] PHP Notice:  Undefined variable: conn in D:\Apps\sere\sere\lockers\admin\downloads\lockers.php on line 23
[16-Mar-2023 03:47:29 UTC] PHP Warning:  sqlsrv_query() expects parameter 1 to be resource, null given in D:\Apps\sere\sere\lockers\admin\downloads\lockers.php on line 23
[16-Mar-2023 03:48:29 UTC] PHP Warning:  include(../../config.php): failed to open stream: No such file or directory in D:\Apps\sere\sere\lockers\admin\downloads\lockers.php on line 2
[16-Mar-2023 03:48:29 UTC] PHP Warning:  include(): Failed opening '../../config.php' for inclusion (include_path='.;C:\php\pear') in D:\Apps\sere\sere\lockers\admin\downloads\lockers.php on line 2
[16-Mar-2023 03:48:29 UTC] PHP Notice:  Undefined variable: conn in D:\Apps\sere\sere\lockers\admin\downloads\lockers.php on line 23
[16-Mar-2023 03:48:29 UTC] PHP Warning:  sqlsrv_query() expects parameter 1 to be resource, null given in D:\Apps\sere\sere\lockers\admin\downloads\lockers.php on line 23
[16-Mar-2023 03:53:53 UTC] PHP Warning:  include(../../config.php): failed to open stream: No such file or directory in D:\Apps\sere\sere\lockers\admin\downloads\lockers.php on line 2
[16-Mar-2023 03:53:53 UTC] PHP Warning:  include(): Failed opening '../../config.php' for inclusion (include_path='.;C:\php\pear') in D:\Apps\sere\sere\lockers\admin\downloads\lockers.php on line 2
[16-Mar-2023 03:53:53 UTC] PHP Notice:  Undefined variable: conn in D:\Apps\sere\sere\lockers\admin\downloads\lockers.php on line 23
[16-Mar-2023 03:53:53 UTC] PHP Warning:  sqlsrv_query() expects parameter 1 to be resource, null given in D:\Apps\sere\sere\lockers\admin\downloads\lockers.php on line 23
[16-Mar-2023 03:59:17 UTC] PHP Warning:  include(../../config.php): failed to open stream: No such file or directory in D:\Apps\sere\sere\lockers\admin\downloads\lockers.php on line 2
[16-Mar-2023 03:59:17 UTC] PHP Warning:  include(): Failed opening '../../config.php' for inclusion (include_path='.;C:\php\pear') in D:\Apps\sere\sere\lockers\admin\downloads\lockers.php on line 2
[16-Mar-2023 04:01:27 UTC] PHP Warning:  include(../../theme/config.php): failed to open stream: No such file or directory in D:\Apps\sere\sere\lockers\admin\downloads\lockers.php on line 2
[16-Mar-2023 04:01:27 UTC] PHP Warning:  include(): Failed opening '../../theme/config.php' for inclusion (include_path='.;C:\php\pear') in D:\Apps\sere\sere\lockers\admin\downloads\lockers.php on line 2
[16-Mar-2023 04:08:38 UTC] PHP Notice:  Undefined variable: data in D:\Apps\sere\sere\lockers\admin\downloads\lockers.php on line 32
[16-Mar-2023 04:08:38 UTC] PHP Warning:  Invalid argument supplied for foreach() in D:\Apps\sere\sere\lockers\admin\downloads\lockers.php on line 32
[16-Mar-2023 04:08:49 UTC] PHP Notice:  Undefined variable: data in D:\Apps\sere\sere\lockers\admin\downloads\lockers.php on line 32
[16-Mar-2023 04:08:49 UTC] PHP Warning:  Invalid argument supplied for foreach() in D:\Apps\sere\sere\lockers\admin\downloads\lockers.php on line 32
[16-Mar-2023 07:10:41 UTC] PHP Notice:  Undefined index: plant in D:\Apps\sere\sere\lockers\admin\downloads\lockers.php on line 10
[16-Mar-2023 07:10:41 UTC] PHP Notice:  Undefined index: plant in D:\Apps\sere\sere\lockers\admin\downloads\lockers.php on line 13
[16-Mar-2023 07:11:21 UTC] PHP Notice:  Undefined variable: query in D:\Apps\sere\sere\lockers\admin\downloads\lockers.php on line 21
[23-May-2023 07:59:57 UTC] PHP Recoverable fatal error:  Object of class DateTime could not be converted to string in D:\Apps\sere\sere\lockers\admin\downloads\observation.php on line 33
[25-May-2023 04:52:03 UTC] PHP Recoverable fatal error:  Object of class DateTime could not be converted to string in D:\Apps\sere\sere\lockers\admin\downloads\observation.php on line 33
[25-May-2023 04:52:16 UTC] PHP Recoverable fatal error:  Object of class DateTime could not be converted to string in D:\Apps\sere\sere\lockers\admin\downloads\observation.php on line 33
[25-May-2023 04:53:51 UTC] PHP Recoverable fatal error:  Object of class DateTime could not be converted to string in D:\Apps\sere\sere\lockers\admin\downloads\observation.php on line 33
[30-Jun-2023 18:06:29 UTC] PHP Recoverable fatal error:  Object of class DateTime could not be converted to string in D:\Apps\sere\sere\lockers2\admin\downloads\observation.php on line 33
